<?xml version="1.0" encoding="UTF-8"?>
<testsuite name="com.example.demo.DemoApplicationTests" tests="1" skipped="0" failures="0" errors="0" timestamp="2022-08-04T18:09:04" hostname="DESKTOP-2P8JLCI" time="0.121">
  <properties/>
  <testcase name="contextLoads()" classname="com.example.demo.DemoApplicationTests" time="0.121"/>
  <system-out><![CDATA[2022-08-04 11:09:03.436  INFO 7504 --- [    Test worker] .b.t.c.SpringBootTestContextBootstrapper : Neither @ContextConfiguration nor @ContextHierarchy found for test class [com.example.demo.DemoApplicationTests], using SpringBootContextLoader
2022-08-04 11:09:03.437  INFO 7504 --- [    Test worker] o.s.t.c.support.AbstractContextLoader    : Could not detect default resource locations for test class [com.example.demo.DemoApplicationTests]: no resource found for suffixes {-context.xml, Context.groovy}.
2022-08-04 11:09:03.438  INFO 7504 --- [    Test worker] t.c.s.AnnotationConfigContextLoaderUtils : Could not detect default configuration classes for test class [com.example.demo.DemoApplicationTests]: DemoApplicationTests does not declare any static, non-private, non-final, nested classes annotated with @Configuration.
2022-08-04 11:09:03.452  INFO 7504 --- [    Test worker] .b.t.c.SpringBootTestContextBootstrapper : Found @SpringBootConfiguration com.example.demo.DemoApplication for test class com.example.demo.DemoApplicationTests
2022-08-04 11:09:03.455  INFO 7504 --- [    Test worker] .b.t.c.SpringBootTestContextBootstrapper : Loaded default TestExecutionListener class names from location [META-INF/spring.factories]: [org.springframework.boot.test.autoconfigure.restdocs.RestDocsTestExecutionListener, org.springframework.boot.test.autoconfigure.web.client.MockRestServiceServerResetTestExecutionListener, org.springframework.boot.test.autoconfigure.web.servlet.MockMvcPrintOnlyOnFailureTestExecutionListener, org.springframework.boot.test.autoconfigure.web.servlet.WebDriverTestExecutionListener, org.springframework.boot.test.autoconfigure.webservices.client.MockWebServiceServerTestExecutionListener, org.springframework.boot.test.mock.mockito.MockitoTestExecutionListener, org.springframework.boot.test.mock.mockito.ResetMocksTestExecutionListener, org.springframework.test.context.web.ServletTestExecutionListener, org.springframework.test.context.support.DirtiesContextBeforeModesTestExecutionListener, org.springframework.test.context.event.ApplicationEventsTestExecutionListener, org.springframework.test.context.support.DependencyInjectionTestExecutionListener, org.springframework.test.context.support.DirtiesContextTestExecutionListener, org.springframework.test.context.transaction.TransactionalTestExecutionListener, org.springframework.test.context.jdbc.SqlScriptsTestExecutionListener, org.springframework.test.context.event.EventPublishingTestExecutionListener]
2022-08-04 11:09:03.457  INFO 7504 --- [    Test worker] .b.t.c.SpringBootTestContextBootstrapper : Using TestExecutionListeners: [org.springframework.test.context.web.ServletTestExecutionListener@3e4f2300, org.springframework.test.context.support.DirtiesContextBeforeModesTestExecutionListener@e706aa, org.springframework.test.context.event.ApplicationEventsTestExecutionListener@25e6c22a, org.springframework.boot.test.mock.mockito.MockitoTestExecutionListener@16fc5622, org.springframework.boot.test.autoconfigure.SpringBootDependencyInjectionTestExecutionListener@516c20de, org.springframework.test.context.support.DirtiesContextTestExecutionListener@6906be0f, org.springframework.test.context.event.EventPublishingTestExecutionListener@7a62d697, org.springframework.boot.test.autoconfigure.restdocs.RestDocsTestExecutionListener@edbc2bf, org.springframework.boot.test.autoconfigure.web.client.MockRestServiceServerResetTestExecutionListener@3e01796a, org.springframework.boot.test.autoconfigure.web.servlet.MockMvcPrintOnlyOnFailureTestExecutionListener@62ab5e63, org.springframework.boot.test.autoconfigure.web.servlet.WebDriverTestExecutionListener@e91facf, org.springframework.boot.test.autoconfigure.webservices.client.MockWebServiceServerTestExecutionListener@5e8f0f98, org.springframework.boot.test.mock.mockito.ResetMocksTestExecutionListener@6bf0f70a]

  .   ____          _            __ _ _
 /\\ / ___'_ __ _ _(_)_ __  __ _ \ \ \ \
( ( )\___ | '_ | '_| | '_ \/ _` | \ \ \ \
 \\/  ___)| |_)| | | | | || (_| |  ) ) ) )
  '  |____| .__|_| |_|_| |_\__, | / / / /
 =========|_|==============|___/=/_/_/_/
 :: Spring Boot ::                (v2.7.2)

2022-08-04 11:09:03.512  INFO 7504 --- [    Test worker] com.example.demo.DemoApplicationTests    : Starting DemoApplicationTests using Java 17.0.2 on DESKTOP-2P8JLCI with PID 7504 (started by tarav in C:\Users\tarav\Dropbox\Apps\animal_logic\backend\demo)
2022-08-04 11:09:03.513  INFO 7504 --- [    Test worker] com.example.demo.DemoApplicationTests    : No active profile set, falling back to 1 default profile: "default"
2022-08-04 11:09:04.455  INFO 7504 --- [    Test worker] com.example.demo.DemoApplicationTests    : Started DemoApplicationTests in 0.985 seconds (JVM running for 9.885)
]]></system-out>
  <system-err><![CDATA[]]></system-err>
</testsuite>
